>>> LOG TIMESTAMP 1718043850.228582

frame 1 took 0.421876s to render.
frame 2 took 0.421881s to render.
i = 3 rn
frame: [[[2 0 1]
  [2 0 1]
  [2 0 1]
  ...
  [2 0 1]
  [2 0 1]
  [2 0 1]]

 [[2 0 1]
  [2 0 1]
  [2 0 1]
  ...
  [2 0 1]
  [2 0 1]
  [2 0 1]]

 [[0 0 0]
  [0 0 0]
  [0 0 0]
  ...
  [0 0 0]
  [0 0 0]
  [0 0 0]]

 ...

 [[0 0 0]
  [0 0 0]
  [0 0 0]
  ...
  [0 0 0]
  [0 0 0]
  [0 0 0]]

 [[0 0 0]
  [0 0 0]
  [0 0 0]
  ...
  [0 0 0]
  [0 0 0]
  [0 0 0]]

 [[0 0 0]
  [0 0 0]
  [0 0 0]
  ...
  [0 0 0]
  [0 0 0]
  [0 0 0]]]
frame 3 took 0.421898s to render.
frame 4 took 0.421893s to render.
frame 5 took 0.437468s to render.
frame 6 took 0.421874s to render.
frame 7 took 0.437499s to render.
frame 8 took 0.437508s to render.
frame 9 took 0.453126s to render.
frame 10 took 0.421901s to render.
frame 11 took 0.421861s to render.
frame 12 took 0.406212s to render.
frame 13 took 0.437505s to render.
frame 14 took 0.519840s to render.
frame 15 took 0.507738s to render.
frame 16 took 0.479615s to render.
frame 17 took 0.549338s to render.
frame 18 took 0.453128s to render.
frame 19 took 0.437499s to render.
frame 20 took 0.437531s to render.
frame 21 took 0.437498s to render.
frame 22 took 0.453107s to render.
frame 23 took 0.468755s to render.
frame 24 took 0.437519s to render.
frame 25 took 0.453109s to render.
frame 26 took 0.453125s to render.
frame 27 took 0.437505s to render.
frame 28 took 0.453129s to render.
frame 29 took 0.437503s to render.
frame 30 took 0.437501s to render.
frame 31 took 0.453140s to render.
frame 32 took 0.453118s to render.
frame 33 took 0.453145s to render.
frame 34 took 0.515610s to render.
frame 35 took 0.468749s to render.
qutting